<?xml version="1.0" encoding="UTF-8"?>
<testsuite name="vscode_intellisense_issue.LibraryTest" tests="1" skipped="0" failures="0" errors="0" timestamp="2022-10-04T19:41:09" hostname="psheomopensuse.domain.central" time="0.041">
  <properties/>
  <testcase name="someLibraryMethodReturnsTrue()" classname="vscode_intellisense_issue.LibraryTest" time="0.041"/>
  <system-out><![CDATA[]]></system-out>
  <system-err><![CDATA[]]></system-err>
</testsuite>
